**********************************************************************
** Visual Studio 2019 Developer Command Prompt v16.10.2
** Copyright (c) 2021 Microsoft Corporation
**********************************************************************
[vcvarsall.bat] Environment initialized for: 'x86_x64'
[0/1] Re-running CMake...
-- Using CATKIN_DEVEL_PREFIX: C:/Ajay_OCT/visualDepthMap/rosCustomMessages/matlab_msg_gen_ros1/win64/devel
-- Using CMAKE_PREFIX_PATH: C:\Program Files\MATLAB\R2022b\sys\ros1\win64\ros1;C:/Program Files/MATLAB/R2022b/toolbox/ros/mlroscpp/custom_messages
-- This workspace overlays: C:/Program Files/MATLAB/R2022b/sys/ros1/win64/ros1;C:/Program Files/MATLAB/R2022b/toolbox/ros/mlroscpp/custom_messages
-- Using PYTHON_EXECUTABLE: C:/Users/OCT/AppData/Roaming/MathWorks/MATLAB/R2022b/ros1/win64/venv/Scripts/python.exe
-- Using default Python package layout
-- Using empy: C:/Users/OCT/AppData/Roaming/MATHWO~1/MATLAB/R2022b/ros1/win64/venv/lib/site-packages/em.py
-- Using CATKIN_ENABLE_TESTING: off
-- catkin 0.8.10
-- BUILD_SHARED_LIBS is on
The system cannot find the batch label specified - GenerateTempFilename
-- BUILD_SHARED_LIBS is on
-- ~~~~~~~~~~~~~~~~~~~~~~~~~~~~~~~~~~~~~~~~~~~~~~~~~
-- ~~  traversing 2 packages in topological order:
-- ~~  - oct_msgs
-- ~~  - simple_msgs
-- ~~~~~~~~~~~~~~~~~~~~~~~~~~~~~~~~~~~~~~~~~~~~~~~~~
-- +++ processing catkin package: 'oct_msgs'
-- ==> add_subdirectory(oct_msgs)
CMake Warning at C:/Program Files/MATLAB/R2022b/sys/ros1/win64/ros1/share/genmsg/cmake/genmsg-extras.cmake:49 (message):
  Unknown message generator specified in ROS_LANG_DISABLE: geneus
Call Stack (most recent call first):
  C:/Program Files/MATLAB/R2022b/sys/ros1/win64/ros1/share/genmsg/cmake/genmsgConfig.cmake:222 (include)
  C:/Program Files/MATLAB/R2022b/sys/ros1/win64/ros1/share/gencpp/cmake/gencppConfig.cmake:197 (find_package)
  C:/Program Files/MATLAB/R2022b/sys/ros1/win64/ros1/share/message_generation/cmake/message_generationConfig.cmake:197 (find_package)
  C:/Program Files/MATLAB/R2022b/sys/ros1/win64/ros1/share/catkin/cmake/catkinConfig.cmake:76 (find_package)
  oct_msgs/CMakeLists.txt:24 (find_package)


CMake Warning at C:/Program Files/MATLAB/R2022b/sys/ros1/win64/ros1/share/genmsg/cmake/genmsg-extras.cmake:49 (message):
  Unknown message generator specified in ROS_LANG_DISABLE: genlisp
Call Stack (most recent call first):
  C:/Program Files/MATLAB/R2022b/sys/ros1/win64/ros1/share/genmsg/cmake/genmsgConfig.cmake:222 (include)
  C:/Program Files/MATLAB/R2022b/sys/ros1/win64/ros1/share/gencpp/cmake/gencppConfig.cmake:197 (find_package)
  C:/Program Files/MATLAB/R2022b/sys/ros1/win64/ros1/share/message_generation/cmake/message_generationConfig.cmake:197 (find_package)
  C:/Program Files/MATLAB/R2022b/sys/ros1/win64/ros1/share/catkin/cmake/catkinConfig.cmake:76 (find_package)
  oct_msgs/CMakeLists.txt:24 (find_package)


CMake Warning at C:/Program Files/MATLAB/R2022b/sys/ros1/win64/ros1/share/genmsg/cmake/genmsg-extras.cmake:49 (message):
  Unknown message generator specified in ROS_LANG_DISABLE: gennodejs
Call Stack (most recent call first):
  C:/Program Files/MATLAB/R2022b/sys/ros1/win64/ros1/share/genmsg/cmake/genmsgConfig.cmake:222 (include)
  C:/Program Files/MATLAB/R2022b/sys/ros1/win64/ros1/share/gencpp/cmake/gencppConfig.cmake:197 (find_package)
  C:/Program Files/MATLAB/R2022b/sys/ros1/win64/ros1/share/message_generation/cmake/message_generationConfig.cmake:197 (find_package)
  C:/Program Files/MATLAB/R2022b/sys/ros1/win64/ros1/share/catkin/cmake/catkinConfig.cmake:76 (find_package)
  oct_msgs/CMakeLists.txt:24 (find_package)


-- Using these message generators: gencpp;genpy
-- oct_msgs: 0 messages, 1 services
-- +++ processing catkin package: 'simple_msgs'
-- ==> add_subdirectory(simple_msgs)
CMake Warning at C:/Program Files/MATLAB/R2022b/sys/ros1/win64/ros1/share/genmsg/cmake/genmsg-extras.cmake:49 (message):
  Unknown message generator specified in ROS_LANG_DISABLE: geneus
Call Stack (most recent call first):
  C:/Program Files/MATLAB/R2022b/sys/ros1/win64/ros1/share/genmsg/cmake/genmsgConfig.cmake:222 (include)
  C:/Program Files/MATLAB/R2022b/sys/ros1/win64/ros1/share/gencpp/cmake/gencppConfig.cmake:197 (find_package)
  C:/Program Files/MATLAB/R2022b/sys/ros1/win64/ros1/share/message_generation/cmake/message_generationConfig.cmake:197 (find_package)
  C:/Program Files/MATLAB/R2022b/sys/ros1/win64/ros1/share/catkin/cmake/catkinConfig.cmake:76 (find_package)
  simple_msgs/CMakeLists.txt:24 (find_package)


CMake Warning at C:/Program Files/MATLAB/R2022b/sys/ros1/win64/ros1/share/genmsg/cmake/genmsg-extras.cmake:49 (message):
  Unknown message generator specified in ROS_LANG_DISABLE: genlisp
Call Stack (most recent call first):
  C:/Program Files/MATLAB/R2022b/sys/ros1/win64/ros1/share/genmsg/cmake/genmsgConfig.cmake:222 (include)
  C:/Program Files/MATLAB/R2022b/sys/ros1/win64/ros1/share/gencpp/cmake/gencppConfig.cmake:197 (find_package)
  C:/Program Files/MATLAB/R2022b/sys/ros1/win64/ros1/share/message_generation/cmake/message_generationConfig.cmake:197 (find_package)
  C:/Program Files/MATLAB/R2022b/sys/ros1/win64/ros1/share/catkin/cmake/catkinConfig.cmake:76 (find_package)
  simple_msgs/CMakeLists.txt:24 (find_package)


CMake Warning at C:/Program Files/MATLAB/R2022b/sys/ros1/win64/ros1/share/genmsg/cmake/genmsg-extras.cmake:49 (message):
  Unknown message generator specified in ROS_LANG_DISABLE: gennodejs
Call Stack (most recent call first):
  C:/Program Files/MATLAB/R2022b/sys/ros1/win64/ros1/share/genmsg/cmake/genmsgConfig.cmake:222 (include)
  C:/Program Files/MATLAB/R2022b/sys/ros1/win64/ros1/share/gencpp/cmake/gencppConfig.cmake:197 (find_package)
  C:/Program Files/MATLAB/R2022b/sys/ros1/win64/ros1/share/message_generation/cmake/message_generationConfig.cmake:197 (find_package)
  C:/Program Files/MATLAB/R2022b/sys/ros1/win64/ros1/share/catkin/cmake/catkinConfig.cmake:76 (find_package)
  simple_msgs/CMakeLists.txt:24 (find_package)


-- Using these message generators: gencpp;genpy
-- simple_msgs: 1 messages, 1 services
-- Configuring done
-- Generating done
-- Build files have been written to: C:/Ajay_OCT/visualDepthMap/rosCustomMessages/matlab_msg_gen_ros1/win64/build
ninja: no work to do.
[1/4] cmd.exe /C "cd /D C:\Ajay_OCT\visualDepthMap\rosCustomMessages\matlab_msg_gen_ros1\win64\build\oct_msgs && C:\Ajay_OCT\visualDepthMap\rosCustomMessages\matlab_msg_gen_ros1\win64\build\catkin_generated\env_cached.bat C:/Users/OCT/AppData/Roaming/MathWorks/MATLAB/R2022b/ros1/win64/venv/Scripts/python.exe "C:/Program Files/MATLAB/R2022b/sys/ros1/win64/ros1/share/genmsg/cmake/../../../lib/genmsg/genmsg_check_deps.py" oct_msgs C:/Ajay_OCT/visualDepthMap/rosCustomMessages/matlab_msg_gen_ros1/win64/src/oct_msgs/srv/Depth.srv std_msgs/Float64"
[2/4] cmd.exe /C "cd /D C:\Ajay_OCT\visualDepthMap\rosCustomMessages\matlab_msg_gen_ros1\win64\build\simple_msgs && C:\Ajay_OCT\visualDepthMap\rosCustomMessages\matlab_msg_gen_ros1\win64\build\catkin_generated\env_cached.bat C:/Users/OCT/AppData/Roaming/MathWorks/MATLAB/R2022b/ros1/win64/venv/Scripts/python.exe "C:/Program Files/MATLAB/R2022b/sys/ros1/win64/ros1/share/genmsg/cmake/../../../lib/genmsg/genmsg_check_deps.py" simple_msgs C:/Ajay_OCT/visualDepthMap/rosCustomMessages/matlab_msg_gen_ros1/win64/src/simple_msgs/srv/AddTwoInts.srv "
[3/4] cmd.exe /C "cd /D C:\Ajay_OCT\visualDepthMap\rosCustomMessages\matlab_msg_gen_ros1\win64\build\simple_msgs && C:\Ajay_OCT\visualDepthMap\rosCustomMessages\matlab_msg_gen_ros1\win64\build\catkin_generated\env_cached.bat C:/Users/OCT/AppData/Roaming/MathWorks/MATLAB/R2022b/ros1/win64/venv/Scripts/python.exe "C:/Program Files/MATLAB/R2022b/sys/ros1/win64/ros1/share/genmsg/cmake/../../../lib/genmsg/genmsg_check_deps.py" simple_msgs C:/Ajay_OCT/visualDepthMap/rosCustomMessages/matlab_msg_gen_ros1/win64/src/simple_msgs/msg/Num.msg "
[3/4] Install the project...
-- Install configuration: "Release"
-- Installing: C:/Ajay_OCT/visualDepthMap/rosCustomMessages/matlab_msg_gen_ros1/win64/install/_setup_util.py
-- Up-to-date: C:/Ajay_OCT/visualDepthMap/rosCustomMessages/matlab_msg_gen_ros1/win64/install/_setup_util.exe
-- Up-to-date: C:/Ajay_OCT/visualDepthMap/rosCustomMessages/matlab_msg_gen_ros1/win64/install/env.bat
-- Up-to-date: C:/Ajay_OCT/visualDepthMap/rosCustomMessages/matlab_msg_gen_ros1/win64/install/setup.bat
-- Up-to-date: C:/Ajay_OCT/visualDepthMap/rosCustomMessages/matlab_msg_gen_ros1/win64/install/local_setup.bat
-- Up-to-date: C:/Ajay_OCT/visualDepthMap/rosCustomMessages/matlab_msg_gen_ros1/win64/install/.rosinstall
-- Up-to-date: C:/Ajay_OCT/visualDepthMap/rosCustomMessages/matlab_msg_gen_ros1/win64/install/share/oct_msgs/srv/Depth.srv
-- Up-to-date: C:/Ajay_OCT/visualDepthMap/rosCustomMessages/matlab_msg_gen_ros1/win64/install/share/oct_msgs/cmake/oct_msgs-msg-paths.cmake
-- Up-to-date: C:/Ajay_OCT/visualDepthMap/rosCustomMessages/matlab_msg_gen_ros1/win64/install/include/oct_msgs
-- Up-to-date: C:/Ajay_OCT/visualDepthMap/rosCustomMessages/matlab_msg_gen_ros1/win64/install/include/oct_msgs/Depth.h
-- Up-to-date: C:/Ajay_OCT/visualDepthMap/rosCustomMessages/matlab_msg_gen_ros1/win64/install/include/oct_msgs/DepthRequest.h
-- Up-to-date: C:/Ajay_OCT/visualDepthMap/rosCustomMessages/matlab_msg_gen_ros1/win64/install/include/oct_msgs/DepthResponse.h
Listing 'C:/Ajay_OCT/visualDepthMap/rosCustomMessages/matlab_msg_gen_ros1/win64/devel/lib/site-packages/oct_msgs'...
Listing 'C:/Ajay_OCT/visualDepthMap/rosCustomMessages/matlab_msg_gen_ros1/win64/devel/lib/site-packages/oct_msgs\\srv'...
-- Up-to-date: C:/Ajay_OCT/visualDepthMap/rosCustomMessages/matlab_msg_gen_ros1/win64/install/lib/site-packages/oct_msgs
-- Up-to-date: C:/Ajay_OCT/visualDepthMap/rosCustomMessages/matlab_msg_gen_ros1/win64/install/lib/site-packages/oct_msgs/srv
-- Up-to-date: C:/Ajay_OCT/visualDepthMap/rosCustomMessages/matlab_msg_gen_ros1/win64/install/lib/site-packages/oct_msgs/srv/_Depth.py
-- Up-to-date: C:/Ajay_OCT/visualDepthMap/rosCustomMessages/matlab_msg_gen_ros1/win64/install/lib/site-packages/oct_msgs/srv/__init__.py
-- Up-to-date: C:/Ajay_OCT/visualDepthMap/rosCustomMessages/matlab_msg_gen_ros1/win64/install/lib/site-packages/oct_msgs/srv/__pycache__
-- Up-to-date: C:/Ajay_OCT/visualDepthMap/rosCustomMessages/matlab_msg_gen_ros1/win64/install/lib/site-packages/oct_msgs/srv/__pycache__/_Depth.cpython-39.pyc
-- Up-to-date: C:/Ajay_OCT/visualDepthMap/rosCustomMessages/matlab_msg_gen_ros1/win64/install/lib/site-packages/oct_msgs/srv/__pycache__/__init__.cpython-39.pyc
-- Up-to-date: C:/Ajay_OCT/visualDepthMap/rosCustomMessages/matlab_msg_gen_ros1/win64/install/lib/site-packages/oct_msgs/__init__.py
-- Up-to-date: C:/Ajay_OCT/visualDepthMap/rosCustomMessages/matlab_msg_gen_ros1/win64/install/lib/site-packages/oct_msgs/__pycache__
-- Up-to-date: C:/Ajay_OCT/visualDepthMap/rosCustomMessages/matlab_msg_gen_ros1/win64/install/lib/site-packages/oct_msgs/__pycache__/__init__.cpython-39.pyc
-- Installing: C:/Ajay_OCT/visualDepthMap/rosCustomMessages/matlab_msg_gen_ros1/win64/install/lib/pkgconfig/oct_msgs.pc
-- Up-to-date: C:/Ajay_OCT/visualDepthMap/rosCustomMessages/matlab_msg_gen_ros1/win64/install/share/oct_msgs/cmake/oct_msgs-msg-extras.cmake
-- Up-to-date: C:/Ajay_OCT/visualDepthMap/rosCustomMessages/matlab_msg_gen_ros1/win64/install/share/oct_msgs/cmake/oct_msgsConfig.cmake
-- Up-to-date: C:/Ajay_OCT/visualDepthMap/rosCustomMessages/matlab_msg_gen_ros1/win64/install/share/oct_msgs/cmake/oct_msgsConfig-version.cmake
-- Installing: C:/Ajay_OCT/visualDepthMap/rosCustomMessages/matlab_msg_gen_ros1/win64/install/share/oct_msgs/package.xml
-- Up-to-date: C:/Ajay_OCT/visualDepthMap/rosCustomMessages/matlab_msg_gen_ros1/win64/install/include
-- Up-to-date: C:/Ajay_OCT/visualDepthMap/rosCustomMessages/matlab_msg_gen_ros1/win64/install/include/oct_msgs
-- Up-to-date: C:/Ajay_OCT/visualDepthMap/rosCustomMessages/matlab_msg_gen_ros1/win64/install/include/oct_msgs/visibility_control.h
-- Up-to-date: C:/Ajay_OCT/visualDepthMap/rosCustomMessages/matlab_msg_gen_ros1/win64/install/lib/oct_msgs_matlab.lib
-- Up-to-date: C:/Ajay_OCT/visualDepthMap/rosCustomMessages/matlab_msg_gen_ros1/win64/install/bin/oct_msgs_matlab.dll
-- Up-to-date: C:/Ajay_OCT/visualDepthMap/rosCustomMessages/matlab_msg_gen_ros1/win64/install/m/
-- Up-to-date: C:/Ajay_OCT/visualDepthMap/rosCustomMessages/matlab_msg_gen_ros1/win64/install/m//+ros
-- Up-to-date: C:/Ajay_OCT/visualDepthMap/rosCustomMessages/matlab_msg_gen_ros1/win64/install/m//+ros/+internal
-- Up-to-date: C:/Ajay_OCT/visualDepthMap/rosCustomMessages/matlab_msg_gen_ros1/win64/install/m//+ros/+internal/+ros
-- Up-to-date: C:/Ajay_OCT/visualDepthMap/rosCustomMessages/matlab_msg_gen_ros1/win64/install/m//+ros/+internal/+ros/+custommessages
-- Up-to-date: C:/Ajay_OCT/visualDepthMap/rosCustomMessages/matlab_msg_gen_ros1/win64/install/m//+ros/+internal/+ros/+custommessages/+oct_msgs
-- Up-to-date: C:/Ajay_OCT/visualDepthMap/rosCustomMessages/matlab_msg_gen_ros1/win64/install/m//+ros/+internal/+ros/+custommessages/+oct_msgs/depthRequest.m
-- Up-to-date: C:/Ajay_OCT/visualDepthMap/rosCustomMessages/matlab_msg_gen_ros1/win64/install/m//+ros/+internal/+ros/+custommessages/+oct_msgs/depthResponse.m
-- Up-to-date: C:/Ajay_OCT/visualDepthMap/rosCustomMessages/matlab_msg_gen_ros1/win64/install/m//+ros/+msggen
-- Up-to-date: C:/Ajay_OCT/visualDepthMap/rosCustomMessages/matlab_msg_gen_ros1/win64/install/m//+ros/+msggen/+oct_msgs
-- Up-to-date: C:/Ajay_OCT/visualDepthMap/rosCustomMessages/matlab_msg_gen_ros1/win64/install/m//+ros/+msggen/+oct_msgs/DepthRequest.m
-- Up-to-date: C:/Ajay_OCT/visualDepthMap/rosCustomMessages/matlab_msg_gen_ros1/win64/install/m//+ros/+msggen/+oct_msgs/DepthResponse.m
-- Up-to-date: C:/Ajay_OCT/visualDepthMap/rosCustomMessages/matlab_msg_gen_ros1/win64/install/share/simple_msgs/msg/Num.msg
-- Up-to-date: C:/Ajay_OCT/visualDepthMap/rosCustomMessages/matlab_msg_gen_ros1/win64/install/share/simple_msgs/srv/AddTwoInts.srv
-- Up-to-date: C:/Ajay_OCT/visualDepthMap/rosCustomMessages/matlab_msg_gen_ros1/win64/install/share/simple_msgs/cmake/simple_msgs-msg-paths.cmake
-- Up-to-date: C:/Ajay_OCT/visualDepthMap/rosCustomMessages/matlab_msg_gen_ros1/win64/install/include/simple_msgs
-- Up-to-date: C:/Ajay_OCT/visualDepthMap/rosCustomMessages/matlab_msg_gen_ros1/win64/install/include/simple_msgs/AddTwoInts.h
-- Up-to-date: C:/Ajay_OCT/visualDepthMap/rosCustomMessages/matlab_msg_gen_ros1/win64/install/include/simple_msgs/AddTwoIntsRequest.h
-- Up-to-date: C:/Ajay_OCT/visualDepthMap/rosCustomMessages/matlab_msg_gen_ros1/win64/install/include/simple_msgs/AddTwoIntsResponse.h
-- Up-to-date: C:/Ajay_OCT/visualDepthMap/rosCustomMessages/matlab_msg_gen_ros1/win64/install/include/simple_msgs/Num.h
Listing 'C:/Ajay_OCT/visualDepthMap/rosCustomMessages/matlab_msg_gen_ros1/win64/devel/lib/site-packages/simple_msgs'...
Listing 'C:/Ajay_OCT/visualDepthMap/rosCustomMessages/matlab_msg_gen_ros1/win64/devel/lib/site-packages/simple_msgs\\msg'...
Listing 'C:/Ajay_OCT/visualDepthMap/rosCustomMessages/matlab_msg_gen_ros1/win64/devel/lib/site-packages/simple_msgs\\srv'...
-- Up-to-date: C:/Ajay_OCT/visualDepthMap/rosCustomMessages/matlab_msg_gen_ros1/win64/install/lib/site-packages/simple_msgs
-- Up-to-date: C:/Ajay_OCT/visualDepthMap/rosCustomMessages/matlab_msg_gen_ros1/win64/install/lib/site-packages/simple_msgs/msg
-- Up-to-date: C:/Ajay_OCT/visualDepthMap/rosCustomMessages/matlab_msg_gen_ros1/win64/install/lib/site-packages/simple_msgs/msg/_Num.py
-- Up-to-date: C:/Ajay_OCT/visualDepthMap/rosCustomMessages/matlab_msg_gen_ros1/win64/install/lib/site-packages/simple_msgs/msg/__init__.py
-- Up-to-date: C:/Ajay_OCT/visualDepthMap/rosCustomMessages/matlab_msg_gen_ros1/win64/install/lib/site-packages/simple_msgs/msg/__pycache__
-- Up-to-date: C:/Ajay_OCT/visualDepthMap/rosCustomMessages/matlab_msg_gen_ros1/win64/install/lib/site-packages/simple_msgs/msg/__pycache__/_Num.cpython-39.pyc
-- Up-to-date: C:/Ajay_OCT/visualDepthMap/rosCustomMessages/matlab_msg_gen_ros1/win64/install/lib/site-packages/simple_msgs/msg/__pycache__/__init__.cpython-39.pyc
-- Up-to-date: C:/Ajay_OCT/visualDepthMap/rosCustomMessages/matlab_msg_gen_ros1/win64/install/lib/site-packages/simple_msgs/srv
-- Up-to-date: C:/Ajay_OCT/visualDepthMap/rosCustomMessages/matlab_msg_gen_ros1/win64/install/lib/site-packages/simple_msgs/srv/_AddTwoInts.py
-- Up-to-date: C:/Ajay_OCT/visualDepthMap/rosCustomMessages/matlab_msg_gen_ros1/win64/install/lib/site-packages/simple_msgs/srv/__init__.py
-- Up-to-date: C:/Ajay_OCT/visualDepthMap/rosCustomMessages/matlab_msg_gen_ros1/win64/install/lib/site-packages/simple_msgs/srv/__pycache__
-- Up-to-date: C:/Ajay_OCT/visualDepthMap/rosCustomMessages/matlab_msg_gen_ros1/win64/install/lib/site-packages/simple_msgs/srv/__pycache__/_AddTwoInts.cpython-39.pyc
-- Up-to-date: C:/Ajay_OCT/visualDepthMap/rosCustomMessages/matlab_msg_gen_ros1/win64/install/lib/site-packages/simple_msgs/srv/__pycache__/__init__.cpython-39.pyc
-- Up-to-date: C:/Ajay_OCT/visualDepthMap/rosCustomMessages/matlab_msg_gen_ros1/win64/install/lib/site-packages/simple_msgs/__init__.py
-- Up-to-date: C:/Ajay_OCT/visualDepthMap/rosCustomMessages/matlab_msg_gen_ros1/win64/install/lib/site-packages/simple_msgs/__pycache__
-- Up-to-date: C:/Ajay_OCT/visualDepthMap/rosCustomMessages/matlab_msg_gen_ros1/win64/install/lib/site-packages/simple_msgs/__pycache__/__init__.cpython-39.pyc
-- Installing: C:/Ajay_OCT/visualDepthMap/rosCustomMessages/matlab_msg_gen_ros1/win64/install/lib/pkgconfig/simple_msgs.pc
-- Up-to-date: C:/Ajay_OCT/visualDepthMap/rosCustomMessages/matlab_msg_gen_ros1/win64/install/share/simple_msgs/cmake/simple_msgs-msg-extras.cmake
-- Up-to-date: C:/Ajay_OCT/visualDepthMap/rosCustomMessages/matlab_msg_gen_ros1/win64/install/share/simple_msgs/cmake/simple_msgsConfig.cmake
-- Up-to-date: C:/Ajay_OCT/visualDepthMap/rosCustomMessages/matlab_msg_gen_ros1/win64/install/share/simple_msgs/cmake/simple_msgsConfig-version.cmake
-- Installing: C:/Ajay_OCT/visualDepthMap/rosCustomMessages/matlab_msg_gen_ros1/win64/install/share/simple_msgs/package.xml
-- Up-to-date: C:/Ajay_OCT/visualDepthMap/rosCustomMessages/matlab_msg_gen_ros1/win64/install/include
-- Up-to-date: C:/Ajay_OCT/visualDepthMap/rosCustomMessages/matlab_msg_gen_ros1/win64/install/include/simple_msgs
-- Up-to-date: C:/Ajay_OCT/visualDepthMap/rosCustomMessages/matlab_msg_gen_ros1/win64/install/include/simple_msgs/visibility_control.h
-- Up-to-date: C:/Ajay_OCT/visualDepthMap/rosCustomMessages/matlab_msg_gen_ros1/win64/install/lib/simple_msgs_matlab.lib
-- Up-to-date: C:/Ajay_OCT/visualDepthMap/rosCustomMessages/matlab_msg_gen_ros1/win64/install/bin/simple_msgs_matlab.dll
-- Up-to-date: C:/Ajay_OCT/visualDepthMap/rosCustomMessages/matlab_msg_gen_ros1/win64/install/m/
-- Up-to-date: C:/Ajay_OCT/visualDepthMap/rosCustomMessages/matlab_msg_gen_ros1/win64/install/m//+ros
-- Up-to-date: C:/Ajay_OCT/visualDepthMap/rosCustomMessages/matlab_msg_gen_ros1/win64/install/m//+ros/+internal
-- Up-to-date: C:/Ajay_OCT/visualDepthMap/rosCustomMessages/matlab_msg_gen_ros1/win64/install/m//+ros/+internal/+ros
-- Up-to-date: C:/Ajay_OCT/visualDepthMap/rosCustomMessages/matlab_msg_gen_ros1/win64/install/m//+ros/+internal/+ros/+custommessages
-- Up-to-date: C:/Ajay_OCT/visualDepthMap/rosCustomMessages/matlab_msg_gen_ros1/win64/install/m//+ros/+internal/+ros/+custommessages/+simple_msgs
-- Up-to-date: C:/Ajay_OCT/visualDepthMap/rosCustomMessages/matlab_msg_gen_ros1/win64/install/m//+ros/+internal/+ros/+custommessages/+simple_msgs/addTwoIntsRequest.m
-- Up-to-date: C:/Ajay_OCT/visualDepthMap/rosCustomMessages/matlab_msg_gen_ros1/win64/install/m//+ros/+internal/+ros/+custommessages/+simple_msgs/addTwoIntsResponse.m
-- Up-to-date: C:/Ajay_OCT/visualDepthMap/rosCustomMessages/matlab_msg_gen_ros1/win64/install/m//+ros/+internal/+ros/+custommessages/+simple_msgs/num.m
-- Up-to-date: C:/Ajay_OCT/visualDepthMap/rosCustomMessages/matlab_msg_gen_ros1/win64/install/m//+ros/+msggen
-- Up-to-date: C:/Ajay_OCT/visualDepthMap/rosCustomMessages/matlab_msg_gen_ros1/win64/install/m//+ros/+msggen/+simple_msgs
-- Up-to-date: C:/Ajay_OCT/visualDepthMap/rosCustomMessages/matlab_msg_gen_ros1/win64/install/m//+ros/+msggen/+simple_msgs/AddTwoIntsRequest.m
-- Up-to-date: C:/Ajay_OCT/visualDepthMap/rosCustomMessages/matlab_msg_gen_ros1/win64/install/m//+ros/+msggen/+simple_msgs/AddTwoIntsResponse.m
-- Up-to-date: C:/Ajay_OCT/visualDepthMap/rosCustomMessages/matlab_msg_gen_ros1/win64/install/m//+ros/+msggen/+simple_msgs/Num.m
Base path: C:\Ajay_OCT\visualDepthMap\rosCustomMessages\matlab_msg_gen_ros1\win64
Source space: C:\Ajay_OCT\visualDepthMap\rosCustomMessages\matlab_msg_gen_ros1\win64\src
Build space: C:\Ajay_OCT\visualDepthMap\rosCustomMessages\matlab_msg_gen_ros1\win64\build
Devel space: C:\Ajay_OCT\visualDepthMap\rosCustomMessages\matlab_msg_gen_ros1\win64\devel
Install space: C:\Ajay_OCT\visualDepthMap\rosCustomMessages\matlab_msg_gen_ros1\win64\install
####
#### Running command: "ninja build.ninja" in "C:\Ajay_OCT\visualDepthMap\rosCustomMessages\matlab_msg_gen_ros1\win64\build"
####
####
#### Running command: "ninja install install -j8 -l8" in "C:\Ajay_OCT\visualDepthMap\rosCustomMessages\matlab_msg_gen_ros1\win64\build"
####
